::1 - - [03/May/2026 13:18:28] "GET /video.html?id=1 HTTP/1.1" 200 -
::1 - - [03/May/2026 13:18:45] "GET /video.html?id=2 HTTP/1.1" 200 -
::1 - - [03/May/2026 13:19:44] "HEAD /videos/1.mp4 HTTP/1.1" 200 -
::1 - - [03/May/2026 13:22:11] "GET /video.html?id=2 HTTP/1.1" 304 -
::1 - - [03/May/2026 13:22:12] "GET /video.html?id=2 HTTP/1.1" 304 -
::1 - - [03/May/2026 13:22:12] "GET /video.html?id=2 HTTP/1.1" 304 -
::1 - - [03/May/2026 13:22:15] "GET /js/app.js HTTP/1.1" 200 -
::1 - - [03/May/2026 13:24:54] "GET /js/app.js HTTP/1.1" 304 -
::1 - - [03/May/2026 13:24:56] "GET /index.html HTTP/1.1" 304 -
::1 - - [03/May/2026 13:24:59] "GET /video.html?id=1 HTTP/1.1" 304 -
::1 - - [03/May/2026 13:25:16] "GET /js/app.js HTTP/1.1" 304 -
::1 - - [03/May/2026 13:25:58] "GET /video.html?id=3 HTTP/1.1" 200 -
::1 - - [03/May/2026 13:25:58] "GET /js/app.js HTTP/1.1" 304 -
::1 - - [03/May/2026 13:26:27] "GET /videos/1.mp4 HTTP/1.1" 200 -
::1 - - [03/May/2026 13:26:27] "GET /videos/2.mp4 HTTP/1.1" 200 -
::1 - - [03/May/2026 13:26:43] "GET /video.html?id=1 HTTP/1.1" 200 -
::1 - - [03/May/2026 13:30:36] "GET /video.html?id=1 HTTP/1.1" 200 -
::1 - - [03/May/2026 13:30:36] "GET /css/style.css HTTP/1.1" 200 -
::1 - - [03/May/2026 13:30:36] "GET /assets/icon.png HTTP/1.1" 200 -
::1 - - [03/May/2026 13:30:36] "GET /js/app.js HTTP/1.1" 200 -
::1 - - [03/May/2026 13:30:36] "GET /assets/icon.png HTTP/1.1" 200 -
::1 - - [03/May/2026 13:30:36] "GET /video.html?id=1 HTTP/1.1" 200 -
::1 - - [03/May/2026 13:30:36] "GET /css/style.css HTTP/1.1" 200 -
::1 - - [03/May/2026 13:30:36] "GET /assets/icon.png HTTP/1.1" 200 -
::1 - - [03/May/2026 13:30:36] "GET /js/app.js HTTP/1.1" 200 -
::1 - - [03/May/2026 13:30:36] "GET /assets/icon.png HTTP/1.1" 200 -
::1 - - [03/May/2026 13:30:37] "GET /video.html?id=1 HTTP/1.1" 200 -
::1 - - [03/May/2026 13:30:37] "GET /css/style.css HTTP/1.1" 200 -
::1 - - [03/May/2026 13:30:37] "GET /assets/icon.png HTTP/1.1" 200 -
::1 - - [03/May/2026 13:30:37] "GET /js/app.js HTTP/1.1" 200 -
::1 - - [03/May/2026 13:30:37] "GET /assets/icon.png HTTP/1.1" 200 -
::1 - - [03/May/2026 13:30:37] "GET /video.html?id=1 HTTP/1.1" 200 -
::1 - - [03/May/2026 13:30:37] "GET /css/style.css HTTP/1.1" 200 -
::1 - - [03/May/2026 13:30:37] "GET /assets/icon.png HTTP/1.1" 200 -
::1 - - [03/May/2026 13:30:37] "GET /js/app.js HTTP/1.1" 200 -
::1 - - [03/May/2026 13:30:37] "GET /assets/icon.png HTTP/1.1" 200 -
::1 - - [03/May/2026 13:30:37] "GET /video.html?id=1 HTTP/1.1" 200 -
::1 - - [03/May/2026 13:30:37] "GET /css/style.css HTTP/1.1" 200 -
::1 - - [03/May/2026 13:30:37] "GET /assets/icon.png HTTP/1.1" 200 -
::1 - - [03/May/2026 13:30:37] "GET /js/app.js HTTP/1.1" 200 -
::1 - - [03/May/2026 13:30:37] "GET /assets/icon.png HTTP/1.1" 200 -
::1 - - [03/May/2026 13:30:37] "GET /video.html?id=1 HTTP/1.1" 200 -
::1 - - [03/May/2026 13:30:37] "GET /css/style.css HTTP/1.1" 200 -
::1 - - [03/May/2026 13:30:37] "GET /assets/icon.png HTTP/1.1" 200 -
::1 - - [03/May/2026 13:30:37] "GET /js/app.js HTTP/1.1" 200 -
::1 - - [03/May/2026 13:30:37] "GET /assets/icon.png HTTP/1.1" 200 -
::1 - - [03/May/2026 13:30:37] "GET /video.html?id=1 HTTP/1.1" 200 -
::1 - - [03/May/2026 13:30:37] "GET /css/style.css HTTP/1.1" 200 -
::1 - - [03/May/2026 13:30:37] "GET /assets/icon.png HTTP/1.1" 200 -
::1 - - [03/May/2026 13:30:37] "GET /js/app.js HTTP/1.1" 200 -
::1 - - [03/May/2026 13:30:37] "GET /assets/icon.png HTTP/1.1" 200 -
::1 - - [03/May/2026 13:30:42] "GET /video.html?id=1 HTTP/1.1" 200 -
::1 - - [03/May/2026 13:30:42] "GET /css/style.css HTTP/1.1" 200 -
::1 - - [03/May/2026 13:30:42] "GET /assets/icon.png HTTP/1.1" 200 -
::1 - - [03/May/2026 13:30:42] "GET /js/app.js HTTP/1.1" 200 -
::1 - - [03/May/2026 13:30:42] "GET /assets/icon.png HTTP/1.1" 200 -
::1 - - [03/May/2026 13:30:42] "GET /video.html?id=1 HTTP/1.1" 200 -
::1 - - [03/May/2026 13:30:42] "GET /css/style.css HTTP/1.1" 200 -
::1 - - [03/May/2026 13:30:42] "GET /assets/icon.png HTTP/1.1" 200 -
::1 - - [03/May/2026 13:30:42] "GET /js/app.js HTTP/1.1" 200 -
::1 - - [03/May/2026 13:30:42] "GET /assets/icon.png HTTP/1.1" 200 -
::1 - - [03/May/2026 13:30:43] "GET /video.html?id=1 HTTP/1.1" 200 -
::1 - - [03/May/2026 13:30:43] "GET /css/style.css HTTP/1.1" 200 -
::1 - - [03/May/2026 13:30:43] "GET /assets/icon.png HTTP/1.1" 200 -
::1 - - [03/May/2026 13:30:43] "GET /js/app.js HTTP/1.1" 200 -
::1 - - [03/May/2026 13:30:43] "GET /assets/icon.png HTTP/1.1" 200 -
::1 - - [03/May/2026 13:30:43] "GET /video.html?id=1 HTTP/1.1" 200 -
::1 - - [03/May/2026 13:30:43] "GET /css/style.css HTTP/1.1" 200 -
::1 - - [03/May/2026 13:30:43] "GET /assets/icon.png HTTP/1.1" 200 -
::1 - - [03/May/2026 13:30:43] "GET /js/app.js HTTP/1.1" 200 -
::1 - - [03/May/2026 13:30:43] "GET /assets/icon.png HTTP/1.1" 200 -
::1 - - [03/May/2026 13:30:43] "GET /video.html?id=1 HTTP/1.1" 200 -
::1 - - [03/May/2026 13:30:43] "GET /css/style.css HTTP/1.1" 200 -
::1 - - [03/May/2026 13:30:44] "GET /assets/icon.png HTTP/1.1" 200 -
::1 - - [03/May/2026 13:30:44] "GET /js/app.js HTTP/1.1" 200 -
::1 - - [03/May/2026 13:30:44] "GET /assets/icon.png HTTP/1.1" 200 -
::1 - - [03/May/2026 13:30:44] "GET /video.html?id=1 HTTP/1.1" 200 -
::1 - - [03/May/2026 13:30:44] "GET /css/style.css HTTP/1.1" 200 -
::1 - - [03/May/2026 13:30:44] "GET /assets/icon.png HTTP/1.1" 200 -
::1 - - [03/May/2026 13:30:44] "GET /js/app.js HTTP/1.1" 200 -
::1 - - [03/May/2026 13:30:44] "GET /assets/icon.png HTTP/1.1" 200 -
::1 - - [03/May/2026 13:30:45] "GET /video.html?id=1 HTTP/1.1" 200 -
::1 - - [03/May/2026 13:30:45] "GET /css/style.css HTTP/1.1" 200 -
::1 - - [03/May/2026 13:30:45] "GET /assets/icon.png HTTP/1.1" 200 -
::1 - - [03/May/2026 13:30:45] "GET /js/app.js HTTP/1.1" 200 -
::1 - - [03/May/2026 13:30:45] "GET /assets/icon.png HTTP/1.1" 200 -
::1 - - [03/May/2026 13:30:45] "GET /video.html?id=1 HTTP/1.1" 200 -
::1 - - [03/May/2026 13:30:45] "GET /css/style.css HTTP/1.1" 200 -
::1 - - [03/May/2026 13:30:45] "GET /assets/icon.png HTTP/1.1" 200 -
::1 - - [03/May/2026 13:30:45] "GET /js/app.js HTTP/1.1" 200 -
::1 - - [03/May/2026 13:30:45] "GET /assets/icon.png HTTP/1.1" 200 -
::1 - - [03/May/2026 13:30:45] "GET /video.html?id=1 HTTP/1.1" 200 -
::1 - - [03/May/2026 13:30:45] "GET /css/style.css HTTP/1.1" 200 -
::1 - - [03/May/2026 13:30:45] "GET /assets/icon.png HTTP/1.1" 200 -
::1 - - [03/May/2026 13:30:45] "GET /js/app.js HTTP/1.1" 200 -
::1 - - [03/May/2026 13:30:45] "GET /assets/icon.png HTTP/1.1" 200 -
::1 - - [03/May/2026 13:30:45] "GET /video.html?id=1 HTTP/1.1" 200 -
::1 - - [03/May/2026 13:30:45] "GET /css/style.css HTTP/1.1" 200 -
::1 - - [03/May/2026 13:30:45] "GET /assets/icon.png HTTP/1.1" 200 -
::1 - - [03/May/2026 13:30:45] "GET /js/app.js HTTP/1.1" 200 -
::1 - - [03/May/2026 13:30:45] "GET /assets/icon.png HTTP/1.1" 200 -
::1 - - [03/May/2026 13:30:50] "GET /video.html?id=2 HTTP/1.1" 304 -
::1 - - [03/May/2026 13:30:53] "GET /js/app.js HTTP/1.1" 304 -
::1 - - [03/May/2026 13:30:56] "GET /index.html HTTP/1.1" 200 -
::1 - - [03/May/2026 13:30:56] "GET /assets/icon.png HTTP/1.1" 200 -
::1 - - [03/May/2026 13:30:56] "GET /css/style.css HTTP/1.1" 200 -
::1 - - [03/May/2026 13:30:56] "GET /js/app.js HTTP/1.1" 200 -
::1 - - [03/May/2026 13:30:56] "GET /manifest.json HTTP/1.1" 200 -
::1 - - [03/May/2026 13:30:56] "GET /assets/icon.png HTTP/1.1" 200 -
::1 - - [03/May/2026 13:30:56] "GET /index.html HTTP/1.1" 200 -
::1 - - [03/May/2026 13:30:56] "GET /css/style.css HTTP/1.1" 200 -
::1 - - [03/May/2026 13:30:56] "GET /assets/icon.png HTTP/1.1" 200 -
::1 - - [03/May/2026 13:30:56] "GET /js/app.js HTTP/1.1" 200 -
::1 - - [03/May/2026 13:30:56] "GET /manifest.json HTTP/1.1" 200 -
::1 - - [03/May/2026 13:30:56] "GET /assets/icon.png HTTP/1.1" 200 -
::1 - - [03/May/2026 13:30:56] "GET /index.html HTTP/1.1" 200 -
::1 - - [03/May/2026 13:30:56] "GET /css/style.css HTTP/1.1" 200 -
::1 - - [03/May/2026 13:30:56] "GET /assets/icon.png HTTP/1.1" 200 -
::1 - - [03/May/2026 13:30:56] "GET /manifest.json HTTP/1.1" 200 -
::1 - - [03/May/2026 13:30:56] "GET /js/app.js HTTP/1.1" 200 -
::1 - - [03/May/2026 13:30:56] "GET /assets/icon.png HTTP/1.1" 200 -
::1 - - [03/May/2026 13:30:56] "GET /index.html HTTP/1.1" 200 -
::1 - - [03/May/2026 13:30:56] "GET /css/style.css HTTP/1.1" 200 -
::1 - - [03/May/2026 13:30:56] "GET /assets/icon.png HTTP/1.1" 200 -
::1 - - [03/May/2026 13:30:56] "GET /js/app.js HTTP/1.1" 200 -
::1 - - [03/May/2026 13:30:56] "GET /manifest.json HTTP/1.1" 200 -
::1 - - [03/May/2026 13:30:56] "GET /assets/icon.png HTTP/1.1" 200 -
::1 - - [03/May/2026 13:30:56] "GET /index.html HTTP/1.1" 200 -
::1 - - [03/May/2026 13:30:56] "GET /css/style.css HTTP/1.1" 200 -
::1 - - [03/May/2026 13:30:57] "GET /js/app.js HTTP/1.1" 200 -
::1 - - [03/May/2026 13:30:57] "GET /assets/icon.png HTTP/1.1" 200 -
::1 - - [03/May/2026 13:30:57] "GET /manifest.json HTTP/1.1" 200 -
::1 - - [03/May/2026 13:30:57] "GET /assets/icon.png HTTP/1.1" 200 -
::1 - - [03/May/2026 13:30:57] "GET /index.html HTTP/1.1" 200 -
::1 - - [03/May/2026 13:30:57] "GET /css/style.css HTTP/1.1" 200 -
::1 - - [03/May/2026 13:30:57] "GET /js/app.js HTTP/1.1" 200 -
::1 - - [03/May/2026 13:30:57] "GET /assets/icon.png HTTP/1.1" 200 -
::1 - - [03/May/2026 13:30:57] "GET /manifest.json HTTP/1.1" 200 -
::1 - - [03/May/2026 13:30:57] "GET /assets/icon.png HTTP/1.1" 200 -
::1 - - [03/May/2026 13:30:57] "GET /index.html HTTP/1.1" 200 -
::1 - - [03/May/2026 13:30:57] "GET /css/style.css HTTP/1.1" 200 -
::1 - - [03/May/2026 13:30:57] "GET /assets/icon.png HTTP/1.1" 200 -
::1 - - [03/May/2026 13:30:57] "GET /js/app.js HTTP/1.1" 200 -
::1 - - [03/May/2026 13:30:57] "GET /manifest.json HTTP/1.1" 200 -
::1 - - [03/May/2026 13:30:57] "GET /assets/icon.png HTTP/1.1" 200 -
::1 - - [03/May/2026 13:30:57] "GET /index.html HTTP/1.1" 200 -
::1 - - [03/May/2026 13:30:57] "GET /css/style.css HTTP/1.1" 200 -
::1 - - [03/May/2026 13:30:57] "GET /assets/icon.png HTTP/1.1" 200 -
::1 - - [03/May/2026 13:30:57] "GET /js/app.js HTTP/1.1" 200 -
::1 - - [03/May/2026 13:30:57] "GET /manifest.json HTTP/1.1" 200 -
::1 - - [03/May/2026 13:30:57] "GET /assets/icon.png HTTP/1.1" 200 -
::1 - - [03/May/2026 13:30:57] "GET /index.html HTTP/1.1" 200 -
::1 - - [03/May/2026 13:30:57] "GET /css/style.css HTTP/1.1" 200 -
::1 - - [03/May/2026 13:30:57] "GET /assets/icon.png HTTP/1.1" 200 -
::1 - - [03/May/2026 13:30:57] "GET /js/app.js HTTP/1.1" 200 -
::1 - - [03/May/2026 13:30:57] "GET /manifest.json HTTP/1.1" 200 -
::1 - - [03/May/2026 13:30:57] "GET /assets/icon.png HTTP/1.1" 200 -
::1 - - [03/May/2026 13:30:57] "GET /index.html HTTP/1.1" 200 -
::1 - - [03/May/2026 13:30:57] "GET /css/style.css HTTP/1.1" 200 -
::1 - - [03/May/2026 13:30:57] "GET /assets/icon.png HTTP/1.1" 200 -
::1 - - [03/May/2026 13:30:57] "GET /js/app.js HTTP/1.1" 200 -
::1 - - [03/May/2026 13:30:57] "GET /manifest.json HTTP/1.1" 200 -
::1 - - [03/May/2026 13:30:57] "GET /assets/icon.png HTTP/1.1" 200 -
::1 - - [03/May/2026 13:30:57] "GET /index.html HTTP/1.1" 200 -
::1 - - [03/May/2026 13:30:57] "GET /css/style.css HTTP/1.1" 200 -
::1 - - [03/May/2026 13:30:57] "GET /manifest.json HTTP/1.1" 200 -
::1 - - [03/May/2026 13:30:57] "GET /assets/icon.png HTTP/1.1" 200 -
::1 - - [03/May/2026 13:30:57] "GET /js/app.js HTTP/1.1" 200 -
::1 - - [03/May/2026 13:30:57] "GET /assets/icon.png HTTP/1.1" 200 -
::1 - - [03/May/2026 13:30:58] "GET /index.html HTTP/1.1" 200 -
::1 - - [03/May/2026 13:30:58] "GET /css/style.css HTTP/1.1" 200 -
::1 - - [03/May/2026 13:30:58] "GET /assets/icon.png HTTP/1.1" 200 -
::1 - - [03/May/2026 13:30:58] "GET /js/app.js HTTP/1.1" 200 -
::1 - - [03/May/2026 13:30:58] "GET /manifest.json HTTP/1.1" 200 -
::1 - - [03/May/2026 13:30:58] "GET /assets/icon.png HTTP/1.1" 200 -
::1 - - [03/May/2026 13:30:58] "GET /index.html HTTP/1.1" 200 -
::1 - - [03/May/2026 13:30:58] "GET /css/style.css HTTP/1.1" 200 -
::1 - - [03/May/2026 13:30:58] "GET /assets/icon.png HTTP/1.1" 200 -
::1 - - [03/May/2026 13:30:58] "GET /manifest.json HTTP/1.1" 200 -
::1 - - [03/May/2026 13:30:58] "GET /js/app.js HTTP/1.1" 200 -
::1 - - [03/May/2026 13:30:58] "GET /assets/icon.png HTTP/1.1" 200 -
::1 - - [03/May/2026 13:30:58] "GET /index.html HTTP/1.1" 200 -
::1 - - [03/May/2026 13:30:58] "GET /css/style.css HTTP/1.1" 200 -
::1 - - [03/May/2026 13:30:58] "GET /assets/icon.png HTTP/1.1" 200 -
::1 - - [03/May/2026 13:30:58] "GET /js/app.js HTTP/1.1" 200 -
::1 - - [03/May/2026 13:30:58] "GET /manifest.json HTTP/1.1" 200 -
::1 - - [03/May/2026 13:30:58] "GET /assets/icon.png HTTP/1.1" 200 -
::1 - - [03/May/2026 13:30:58] "GET /index.html HTTP/1.1" 200 -
::1 - - [03/May/2026 13:30:58] "GET /css/style.css HTTP/1.1" 200 -
::1 - - [03/May/2026 13:30:58] "GET /assets/icon.png HTTP/1.1" 200 -
::1 - - [03/May/2026 13:30:58] "GET /js/app.js HTTP/1.1" 200 -
::1 - - [03/May/2026 13:30:58] "GET /manifest.json HTTP/1.1" 200 -
::1 - - [03/May/2026 13:30:58] "GET /assets/icon.png HTTP/1.1" 200 -
::1 - - [03/May/2026 13:30:58] "GET /index.html HTTP/1.1" 200 -
::1 - - [03/May/2026 13:30:58] "GET /css/style.css HTTP/1.1" 200 -
::1 - - [03/May/2026 13:30:58] "GET /manifest.json HTTP/1.1" 200 -
::1 - - [03/May/2026 13:30:58] "GET /assets/icon.png HTTP/1.1" 200 -
::1 - - [03/May/2026 13:30:58] "GET /js/app.js HTTP/1.1" 200 -
::1 - - [03/May/2026 13:30:58] "GET /assets/icon.png HTTP/1.1" 200 -
::1 - - [03/May/2026 13:30:58] "GET /index.html HTTP/1.1" 200 -
::1 - - [03/May/2026 13:30:58] "GET /css/style.css HTTP/1.1" 200 -
::1 - - [03/May/2026 13:30:58] "GET /js/app.js HTTP/1.1" 200 -
::1 - - [03/May/2026 13:30:58] "GET /assets/icon.png HTTP/1.1" 200 -
::1 - - [03/May/2026 13:30:58] "GET /manifest.json HTTP/1.1" 200 -
::1 - - [03/May/2026 13:30:58] "GET /assets/icon.png HTTP/1.1" 200 -
::1 - - [03/May/2026 13:30:58] "GET /index.html HTTP/1.1" 200 -
::1 - - [03/May/2026 13:30:58] "GET /css/style.css HTTP/1.1" 200 -
::1 - - [03/May/2026 13:30:59] "GET /js/app.js HTTP/1.1" 200 -
::1 - - [03/May/2026 13:30:59] "GET /assets/icon.png HTTP/1.1" 200 -
::1 - - [03/May/2026 13:30:59] "GET /manifest.json HTTP/1.1" 200 -
::1 - - [03/May/2026 13:30:59] "GET /assets/icon.png HTTP/1.1" 200 -
::1 - - [03/May/2026 13:30:59] "GET /index.html HTTP/1.1" 200 -
::1 - - [03/May/2026 13:30:59] "GET /css/style.css HTTP/1.1" 200 -
::1 - - [03/May/2026 13:30:59] "GET /js/app.js HTTP/1.1" 200 -
::1 - - [03/May/2026 13:30:59] "GET /assets/icon.png HTTP/1.1" 200 -
::1 - - [03/May/2026 13:30:59] "GET /manifest.json HTTP/1.1" 200 -
::1 - - [03/May/2026 13:30:59] "GET /assets/icon.png HTTP/1.1" 200 -
::1 - - [03/May/2026 13:30:59] "GET /index.html HTTP/1.1" 200 -
::1 - - [03/May/2026 13:30:59] "GET /css/style.css HTTP/1.1" 200 -
::1 - - [03/May/2026 13:30:59] "GET /assets/icon.png HTTP/1.1" 200 -
::1 - - [03/May/2026 13:30:59] "GET /js/app.js HTTP/1.1" 200 -
::1 - - [03/May/2026 13:30:59] "GET /manifest.json HTTP/1.1" 200 -
::1 - - [03/May/2026 13:30:59] "GET /assets/icon.png HTTP/1.1" 200 -
::1 - - [03/May/2026 13:30:59] "GET /index.html HTTP/1.1" 200 -
::1 - - [03/May/2026 13:30:59] "GET /css/style.css HTTP/1.1" 200 -
::1 - - [03/May/2026 13:30:59] "GET /assets/icon.png HTTP/1.1" 200 -
::1 - - [03/May/2026 13:30:59] "GET /manifest.json HTTP/1.1" 200 -
::1 - - [03/May/2026 13:30:59] "GET /js/app.js HTTP/1.1" 200 -
::1 - - [03/May/2026 13:30:59] "GET /assets/icon.png HTTP/1.1" 200 -
::1 - - [03/May/2026 13:30:59] "GET /index.html HTTP/1.1" 200 -
::1 - - [03/May/2026 13:30:59] "GET /css/style.css HTTP/1.1" 200 -
::1 - - [03/May/2026 13:30:59] "GET /assets/icon.png HTTP/1.1" 200 -
::1 - - [03/May/2026 13:30:59] "GET /js/app.js HTTP/1.1" 200 -
::1 - - [03/May/2026 13:30:59] "GET /manifest.json HTTP/1.1" 200 -
::1 - - [03/May/2026 13:30:59] "GET /assets/icon.png HTTP/1.1" 200 -
::1 - - [03/May/2026 13:30:59] "GET /index.html HTTP/1.1" 200 -
::1 - - [03/May/2026 13:30:59] "GET /css/style.css HTTP/1.1" 200 -
::1 - - [03/May/2026 13:30:59] "GET /js/app.js HTTP/1.1" 200 -
::1 - - [03/May/2026 13:30:59] "GET /assets/icon.png HTTP/1.1" 200 -
::1 - - [03/May/2026 13:30:59] "GET /manifest.json HTTP/1.1" 200 -
::1 - - [03/May/2026 13:30:59] "GET /assets/icon.png HTTP/1.1" 200 -
::1 - - [03/May/2026 13:30:59] "GET /index.html HTTP/1.1" 200 -
::1 - - [03/May/2026 13:30:59] "GET /css/style.css HTTP/1.1" 200 -
::1 - - [03/May/2026 13:30:59] "GET /assets/icon.png HTTP/1.1" 200 -
::1 - - [03/May/2026 13:30:59] "GET /js/app.js HTTP/1.1" 200 -
::1 - - [03/May/2026 13:30:59] "GET /manifest.json HTTP/1.1" 200 -
::1 - - [03/May/2026 13:30:59] "GET /assets/icon.png HTTP/1.1" 200 -
::1 - - [03/May/2026 13:30:59] "GET /index.html HTTP/1.1" 200 -
::1 - - [03/May/2026 13:31:00] "GET /css/style.css HTTP/1.1" 200 -
::1 - - [03/May/2026 13:31:00] "GET /js/app.js HTTP/1.1" 200 -
::1 - - [03/May/2026 13:31:00] "GET /assets/icon.png HTTP/1.1" 200 -
::1 - - [03/May/2026 13:31:00] "GET /manifest.json HTTP/1.1" 200 -
::1 - - [03/May/2026 13:31:00] "GET /assets/icon.png HTTP/1.1" 200 -
::1 - - [03/May/2026 13:31:00] "GET /index.html HTTP/1.1" 200 -
::1 - - [03/May/2026 13:31:00] "GET /css/style.css HTTP/1.1" 200 -
::1 - - [03/May/2026 13:31:00] "GET /js/app.js HTTP/1.1" 200 -
::1 - - [03/May/2026 13:31:00] "GET /assets/icon.png HTTP/1.1" 200 -
::1 - - [03/May/2026 13:31:00] "GET /manifest.json HTTP/1.1" 200 -
::1 - - [03/May/2026 13:31:00] "GET /assets/icon.png HTTP/1.1" 200 -
::1 - - [03/May/2026 13:35:01] "GET /videos/1.mp4 HTTP/1.1" 200 -
----------------------------------------
Exception occurred during processing of request from ('::1', 64905, 0, 0)
::1 - - [03/May/2026 13:35:01] "GET /videos/1.mp4 HTTP/1.1" 200 -
Traceback (most recent call last):
  File "C:\Python314\Lib\socketserver.py", line 697, in process_request_thread
    self.finish_request(request, client_address)
    ~~~~~~~~~~~~~~~~~~~^^^^^^^^^^^^^^^^^^^^^^^^^
  File "C:\Python314\Lib\http\server.py", line 1422, in finish_request
    self.RequestHandlerClass(request, client_address, self,
    ~~~~~~~~~~~~~~~~~~~~~~~~^^^^^^^^^^^^^^^^^^^^^^^^^^^^^^^
                             directory=args.directory)
                             ^^^^^^^^^^^^^^^^^^^^^^^^^
  File "C:\Python314\Lib\http\server.py", line 732, in __init__
    super().__init__(*args, **kwargs)
    ~~~~~~~~~~~~~~~~^^^^^^^^^^^^^^^^^
  File "C:\Python314\Lib\socketserver.py", line 766, in __init__
    self.handle()
    ~~~~~~~~~~~^^
  File "C:\Python314\Lib\http\server.py", line 496, in handle
    self.handle_one_request()
    ~~~~~~~~~~~~~~~~~~~~~~~^^
  File "C:\Python314\Lib\http\server.py", line 484, in handle_one_request
    method()
    ~~~~~~^^
  File "C:\Python314\Lib\http\server.py", line 739, in do_GET
    self.copyfile(f, self.wfile)
    ~~~~~~~~~~~~~^^^^^^^^^^^^^^^
  File "C:\Python314\Lib\http\server.py", line 942, in copyfile
    shutil.copyfileobj(source, outputfile)
    ~~~~~~~~~~~~~~~~~~^^^^^^^^^^^^^^^^^^^^
  File "C:\Python314\Lib\shutil.py", line 257, in copyfileobj
    fdst_write(buf)
    ~~~~~~~~~~^^^^^
  File "C:\Python314\Lib\socketserver.py", line 845, in write
    self._sock.sendall(b)
    ~~~~~~~~~~~~~~~~~~^^^
ConnectionResetError: [WinError 10054] 远程主机强迫关闭了一个现有的连接。
----------------------------------------
::1 - - [03/May/2026 13:35:40] "GET /video.html?id=1 HTTP/1.1" 304 -
::1 - - [03/May/2026 13:35:40] "GET /css/style.css HTTP/1.1" 304 -
::1 - - [03/May/2026 13:35:40] "GET /js/app.js HTTP/1.1" 200 -
::1 - - [03/May/2026 13:35:46] code 404, message File not found
::1 - - [03/May/2026 13:35:46] "GET /.well-known/appspecific/com.chrome.devtools.json HTTP/1.1" 404 -
::1 - - [03/May/2026 13:37:49] "GET /video.html?id=1 HTTP/1.1" 200 -
::1 - - [03/May/2026 13:37:49] code 404, message File not found
::1 - - [03/May/2026 13:37:49] "GET /.well-known/appspecific/com.chrome.devtools.json HTTP/1.1" 404 -
::1 - - [03/May/2026 13:37:49] "GET /css/style.css HTTP/1.1" 200 -
::1 - - [03/May/2026 13:37:49] "GET /js/app.js HTTP/1.1" 200 -
::1 - - [03/May/2026 13:37:49] "GET /assets/icon.png HTTP/1.1" 200 -
::1 - - [03/May/2026 13:37:49] "GET /videos/1.mp4 HTTP/1.1" 200 -
::1 - - [03/May/2026 13:37:50] "GET /assets/icon.png HTTP/1.1" 200 -
::1 - - [03/May/2026 13:37:54] code 404, message File not found
::1 - - [03/May/2026 13:37:54] "GET /.well-known/appspecific/com.chrome.devtools.json HTTP/1.1" 404 -
::1 - - [03/May/2026 13:37:54] "GET /js/app.js HTTP/1.1" 304 -
::1 - - [03/May/2026 13:37:55] code 404, message File not found
::1 - - [03/May/2026 13:37:55] "GET /.well-known/appspecific/com.chrome.devtools.json HTTP/1.1" 404 -
::1 - - [03/May/2026 13:38:02] "GET /video.html?id=2 HTTP/1.1" 304 -
::1 - - [03/May/2026 13:38:02] code 404, message File not found
::1 - - [03/May/2026 13:38:02] "GET /.well-known/appspecific/com.chrome.devtools.json HTTP/1.1" 404 -
::1 - - [03/May/2026 13:38:02] "GET /js/app.js HTTP/1.1" 304 -
::1 - - [03/May/2026 13:38:02] "GET /videos/2.mp4 HTTP/1.1" 200 -
::1 - - [03/May/2026 13:38:05] "GET /video.html?id=3 HTTP/1.1" 304 -
::1 - - [03/May/2026 13:38:05] code 404, message File not found
::1 - - [03/May/2026 13:38:05] "GET /.well-known/appspecific/com.chrome.devtools.json HTTP/1.1" 404 -
::1 - - [03/May/2026 13:38:05] "GET /videos/3.mp4 HTTP/1.1" 200 -
::1 - - [03/May/2026 13:38:09] "GET /video.html?id=4 HTTP/1.1" 200 -
::1 - - [03/May/2026 13:38:09] code 404, message File not found
::1 - - [03/May/2026 13:38:09] "GET /.well-known/appspecific/com.chrome.devtools.json HTTP/1.1" 404 -
::1 - - [03/May/2026 13:38:09] "GET /js/app.js HTTP/1.1" 304 -
::1 - - [03/May/2026 13:38:09] "GET /videos/4.mp4 HTTP/1.1" 200 -
::1 - - [03/May/2026 13:38:12] "GET /video.html?id=5 HTTP/1.1" 200 -
::1 - - [03/May/2026 13:38:12] code 404, message File not found
::1 - - [03/May/2026 13:38:12] "GET /.well-known/appspecific/com.chrome.devtools.json HTTP/1.1" 404 -
::1 - - [03/May/2026 13:38:12] "GET /videos/5.mp4 HTTP/1.1" 200 -
::1 - - [03/May/2026 13:38:18] code 404, message File not found
::1 - - [03/May/2026 13:38:18] "GET /.well-known/appspecific/com.chrome.devtools.json HTTP/1.1" 404 -
::1 - - [03/May/2026 13:38:18] "GET /js/app.js HTTP/1.1" 304 -
::1 - - [03/May/2026 13:38:23] code 404, message File not found
::1 - - [03/May/2026 13:38:23] "GET /.well-known/appspecific/com.chrome.devtools.json HTTP/1.1" 404 -
::1 - - [03/May/2026 13:38:23] "GET /js/app.js HTTP/1.1" 304 -
::1 - - [03/May/2026 13:38:38] code 404, message File not found
::1 - - [03/May/2026 13:38:38] "GET /.well-known/appspecific/com.chrome.devtools.json HTTP/1.1" 404 -
::1 - - [03/May/2026 13:38:38] "GET /js/app.js HTTP/1.1" 304 -
::1 - - [03/May/2026 13:40:00] code 404, message File not found
::1 - - [03/May/2026 13:40:00] "GET /.well-known/appspecific/com.chrome.devtools.json HTTP/1.1" 404 -
::1 - - [03/May/2026 13:40:00] "GET /js/app.js HTTP/1.1" 304 -
::1 - - [03/May/2026 13:41:59] "GET /video.html?id=4 HTTP/1.1" 304 -
::1 - - [03/May/2026 13:41:59] code 404, message File not found
::1 - - [03/May/2026 13:41:59] "GET /.well-known/appspecific/com.chrome.devtools.json HTTP/1.1" 404 -
::1 - - [03/May/2026 13:41:59] "GET /css/style.css HTTP/1.1" 304 -
::1 - - [03/May/2026 13:41:59] "GET /js/app.js HTTP/1.1" 304 -
::1 - - [03/May/2026 13:41:59] "GET /videos/4.mp4 HTTP/1.1" 304 -
::1 - - [03/May/2026 13:44:29] code 404, message File not found
::1 - - [03/May/2026 13:44:29] "GET /.well-known/appspecific/com.chrome.devtools.json HTTP/1.1" 404 -
::1 - - [03/May/2026 13:44:29] "GET /js/app.js HTTP/1.1" 304 -
::1 - - [03/May/2026 13:46:19] "GET /index.html HTTP/1.1" 200 -
::1 - - [03/May/2026 13:46:19] code 404, message File not found
::1 - - [03/May/2026 13:46:19] "GET /.well-known/appspecific/com.chrome.devtools.json HTTP/1.1" 404 -
::1 - - [03/May/2026 13:46:19] "GET /css/style.css HTTP/1.1" 200 -
::1 - - [03/May/2026 13:46:19] "GET /assets/icon.png HTTP/1.1" 200 -
::1 - - [03/May/2026 13:46:19] "GET /js/app.js HTTP/1.1" 200 -
::1 - - [03/May/2026 13:46:19] "GET /manifest.json HTTP/1.1" 200 -
::1 - - [03/May/2026 13:46:19] "GET /assets/icon.png HTTP/1.1" 200 -
::1 - - [03/May/2026 13:46:21] "GET /index.html HTTP/1.1" 200 -
::1 - - [03/May/2026 13:46:21] code 404, message File not found
::1 - - [03/May/2026 13:46:21] "GET /.well-known/appspecific/com.chrome.devtools.json HTTP/1.1" 404 -
::1 - - [03/May/2026 13:46:21] "GET /css/style.css HTTP/1.1" 200 -
::1 - - [03/May/2026 13:46:21] "GET /assets/icon.png HTTP/1.1" 200 -
::1 - - [03/May/2026 13:46:21] "GET /js/app.js HTTP/1.1" 200 -
::1 - - [03/May/2026 13:46:21] "GET /manifest.json HTTP/1.1" 200 -
::1 - - [03/May/2026 13:46:21] "GET /assets/icon.png HTTP/1.1" 200 -
::1 - - [03/May/2026 13:46:23] "GET /video.html?id=1 HTTP/1.1" 304 -
::1 - - [03/May/2026 13:46:23] code 404, message File not found
::1 - - [03/May/2026 13:46:23] "GET /.well-known/appspecific/com.chrome.devtools.json HTTP/1.1" 404 -
::1 - - [03/May/2026 13:46:26] "GET /video.html?id=2 HTTP/1.1" 304 -
::1 - - [03/May/2026 13:46:26] code 404, message File not found
::1 - - [03/May/2026 13:46:26] "GET /.well-known/appspecific/com.chrome.devtools.json HTTP/1.1" 404 -
::1 - - [03/May/2026 13:46:26] "GET /js/app.js HTTP/1.1" 304 -
::1 - - [03/May/2026 13:46:26] "GET /videos/2.mp4 HTTP/1.1" 304 -
::1 - - [03/May/2026 13:46:29] "GET /video.html?id=3 HTTP/1.1" 304 -
::1 - - [03/May/2026 13:46:29] code 404, message File not found
::1 - - [03/May/2026 13:46:29] "GET /.well-known/appspecific/com.chrome.devtools.json HTTP/1.1" 404 -
::1 - - [03/May/2026 13:46:29] "GET /videos/3.mp4 HTTP/1.1" 304 -
::1 - - [03/May/2026 13:46:31] "GET /video.html?id=4 HTTP/1.1" 304 -
::1 - - [03/May/2026 13:46:31] code 404, message File not found
::1 - - [03/May/2026 13:46:31] "GET /.well-known/appspecific/com.chrome.devtools.json HTTP/1.1" 404 -
::1 - - [03/May/2026 13:46:31] "GET /js/app.js HTTP/1.1" 304 -
::1 - - [03/May/2026 13:46:31] "GET /videos/4.mp4 HTTP/1.1" 304 -
::1 - - [03/May/2026 13:46:33] "GET /video.html?id=5 HTTP/1.1" 304 -
::1 - - [03/May/2026 13:46:33] code 404, message File not found
::1 - - [03/May/2026 13:46:33] "GET /.well-known/appspecific/com.chrome.devtools.json HTTP/1.1" 404 -
::1 - - [03/May/2026 13:46:33] "GET /videos/5.mp4 HTTP/1.1" 304 -
::1 - - [03/May/2026 13:46:39] code 404, message File not found
::1 - - [03/May/2026 13:46:39] "GET /.well-known/appspecific/com.chrome.devtools.json HTTP/1.1" 404 -
::1 - - [03/May/2026 13:46:39] "GET /js/app.js HTTP/1.1" 304 -
::1 - - [03/May/2026 13:46:52] "GET /index.html HTTP/1.1" 304 -
::1 - - [03/May/2026 13:46:52] code 404, message File not found
::1 - - [03/May/2026 13:46:52] "GET /.well-known/appspecific/com.chrome.devtools.json HTTP/1.1" 404 -
::1 - - [03/May/2026 13:46:52] "GET /js/app.js HTTP/1.1" 304 -
::1 - - [03/May/2026 13:50:34] "GET /index.html HTTP/1.1" 200 -
::1 - - [03/May/2026 13:50:34] code 404, message File not found
::1 - - [03/May/2026 13:50:34] "GET /.well-known/appspecific/com.chrome.devtools.json HTTP/1.1" 404 -
::1 - - [03/May/2026 13:50:34] "GET /js/app.js HTTP/1.1" 200 -
::1 - - [03/May/2026 13:50:34] "GET /css/style.css HTTP/1.1" 200 -
::1 - - [03/May/2026 13:50:34] "GET /manifest.json HTTP/1.1" 200 -
::1 - - [03/May/2026 13:50:34] "GET /assets/icon.png HTTP/1.1" 200 -
::1 - - [03/May/2026 13:50:34] "GET /assets/icon.png HTTP/1.1" 200 -
::1 - - [03/May/2026 13:50:37] "GET /video.html?id=1 HTTP/1.1" 200 -
::1 - - [03/May/2026 13:50:37] code 404, message File not found
::1 - - [03/May/2026 13:50:37] "GET /.well-known/appspecific/com.chrome.devtools.json HTTP/1.1" 404 -
::1 - - [03/May/2026 13:50:49] "GET /index.html HTTP/1.1" 304 -
::1 - - [03/May/2026 13:50:49] code 404, message File not found
::1 - - [03/May/2026 13:50:49] "GET /.well-known/appspecific/com.chrome.devtools.json HTTP/1.1" 404 -
::1 - - [03/May/2026 13:50:49] "GET /js/app.js HTTP/1.1" 304 -
::1 - - [03/May/2026 13:50:56] "GET /video.html?id=1 HTTP/1.1" 304 -
::1 - - [03/May/2026 13:50:56] code 404, message File not found
::1 - - [03/May/2026 13:50:56] "GET /.well-known/appspecific/com.chrome.devtools.json HTTP/1.1" 404 -
::1 - - [03/May/2026 13:51:04] "GET /index.html HTTP/1.1" 304 -
::1 - - [03/May/2026 13:51:04] code 404, message File not found
::1 - - [03/May/2026 13:51:04] "GET /.well-known/appspecific/com.chrome.devtools.json HTTP/1.1" 404 -
::1 - - [03/May/2026 13:51:04] "GET /js/app.js HTTP/1.1" 304 -
::1 - - [03/May/2026 13:53:43] "GET /index.html HTTP/1.1" 200 -
::1 - - [03/May/2026 13:53:43] code 404, message File not found
::1 - - [03/May/2026 13:53:43] "GET /.well-known/appspecific/com.chrome.devtools.json HTTP/1.1" 404 -
::1 - - [03/May/2026 13:53:43] "GET /css/style.css HTTP/1.1" 200 -
::1 - - [03/May/2026 13:53:43] "GET /assets/icon.png HTTP/1.1" 200 -
::1 - - [03/May/2026 13:53:43] "GET /js/app.js HTTP/1.1" 200 -
::1 - - [03/May/2026 13:53:43] "GET /manifest.json HTTP/1.1" 200 -
::1 - - [03/May/2026 13:53:43] "GET /assets/icon.png HTTP/1.1" 200 -
::1 - - [03/May/2026 13:53:45] "GET /index.html HTTP/1.1" 200 -
::1 - - [03/May/2026 13:53:45] code 404, message File not found
::1 - - [03/May/2026 13:53:45] "GET /.well-known/appspecific/com.chrome.devtools.json HTTP/1.1" 404 -
::1 - - [03/May/2026 13:53:45] "GET /css/style.css HTTP/1.1" 200 -
::1 - - [03/May/2026 13:53:45] "GET /manifest.json HTTP/1.1" 200 -
::1 - - [03/May/2026 13:53:45] "GET /assets/icon.png HTTP/1.1" 200 -
::1 - - [03/May/2026 13:53:45] "GET /js/app.js HTTP/1.1" 200 -
::1 - - [03/May/2026 13:53:45] "GET /assets/icon.png HTTP/1.1" 200 -
::1 - - [03/May/2026 13:53:46] "GET /index.html HTTP/1.1" 200 -
::1 - - [03/May/2026 13:53:46] code 404, message File not found
::1 - - [03/May/2026 13:53:46] "GET /.well-known/appspecific/com.chrome.devtools.json HTTP/1.1" 404 -
::1 - - [03/May/2026 13:53:46] "GET /css/style.css HTTP/1.1" 200 -
::1 - - [03/May/2026 13:53:46] "GET /assets/icon.png HTTP/1.1" 200 -
::1 - - [03/May/2026 13:53:46] "GET /manifest.json HTTP/1.1" 200 -
::1 - - [03/May/2026 13:53:46] "GET /js/app.js HTTP/1.1" 200 -
::1 - - [03/May/2026 13:53:46] "GET /assets/icon.png HTTP/1.1" 200 -
::1 - - [03/May/2026 13:53:46] "GET /index.html HTTP/1.1" 200 -
::1 - - [03/May/2026 13:53:46] code 404, message File not found
::1 - - [03/May/2026 13:53:46] "GET /.well-known/appspecific/com.chrome.devtools.json HTTP/1.1" 404 -
::1 - - [03/May/2026 13:53:46] "GET /css/style.css HTTP/1.1" 200 -
::1 - - [03/May/2026 13:53:46] "GET /assets/icon.png HTTP/1.1" 200 -
::1 - - [03/May/2026 13:53:46] "GET /manifest.json HTTP/1.1" 200 -
::1 - - [03/May/2026 13:53:46] "GET /js/app.js HTTP/1.1" 200 -
::1 - - [03/May/2026 13:53:46] "GET /assets/icon.png HTTP/1.1" 200 -
::1 - - [03/May/2026 13:53:46] "GET /index.html HTTP/1.1" 200 -
::1 - - [03/May/2026 13:53:46] code 404, message File not found
::1 - - [03/May/2026 13:53:46] "GET /.well-known/appspecific/com.chrome.devtools.json HTTP/1.1" 404 -
::1 - - [03/May/2026 13:53:46] "GET /css/style.css HTTP/1.1" 200 -
::1 - - [03/May/2026 13:53:46] "GET /assets/icon.png HTTP/1.1" 200 -
::1 - - [03/May/2026 13:53:46] "GET /js/app.js HTTP/1.1" 200 -
::1 - - [03/May/2026 13:53:46] "GET /manifest.json HTTP/1.1" 200 -
::1 - - [03/May/2026 13:53:46] "GET /assets/icon.png HTTP/1.1" 200 -
::1 - - [03/May/2026 13:53:46] "GET /index.html HTTP/1.1" 200 -
::1 - - [03/May/2026 13:53:46] code 404, message File not found
::1 - - [03/May/2026 13:53:46] "GET /.well-known/appspecific/com.chrome.devtools.json HTTP/1.1" 404 -
::1 - - [03/May/2026 13:53:46] "GET /css/style.css HTTP/1.1" 200 -
::1 - - [03/May/2026 13:53:46] "GET /assets/icon.png HTTP/1.1" 200 -
::1 - - [03/May/2026 13:53:46] "GET /js/app.js HTTP/1.1" 200 -
::1 - - [03/May/2026 13:53:46] "GET /manifest.json HTTP/1.1" 200 -
::1 - - [03/May/2026 13:53:46] "GET /assets/icon.png HTTP/1.1" 200 -
::1 - - [03/May/2026 13:53:46] "GET /index.html HTTP/1.1" 200 -
::1 - - [03/May/2026 13:53:46] code 404, message File not found
::1 - - [03/May/2026 13:53:46] "GET /.well-known/appspecific/com.chrome.devtools.json HTTP/1.1" 404 -
::1 - - [03/May/2026 13:53:46] "GET /css/style.css HTTP/1.1" 200 -
::1 - - [03/May/2026 13:53:46] "GET /js/app.js HTTP/1.1" 200 -
::1 - - [03/May/2026 13:53:46] "GET /assets/icon.png HTTP/1.1" 200 -
::1 - - [03/May/2026 13:53:46] "GET /manifest.json HTTP/1.1" 200 -
::1 - - [03/May/2026 13:53:46] "GET /assets/icon.png HTTP/1.1" 200 -
::1 - - [03/May/2026 13:53:47] "GET /index.html HTTP/1.1" 200 -
::1 - - [03/May/2026 13:53:47] code 404, message File not found
::1 - - [03/May/2026 13:53:47] "GET /.well-known/appspecific/com.chrome.devtools.json HTTP/1.1" 404 -
::1 - - [03/May/2026 13:53:47] "GET /css/style.css HTTP/1.1" 200 -
::1 - - [03/May/2026 13:53:47] "GET /assets/icon.png HTTP/1.1" 200 -
::1 - - [03/May/2026 13:53:47] "GET /js/app.js HTTP/1.1" 200 -
::1 - - [03/May/2026 13:53:47] "GET /manifest.json HTTP/1.1" 200 -
::1 - - [03/May/2026 13:53:47] "GET /assets/icon.png HTTP/1.1" 200 -
::1 - - [03/May/2026 13:53:53] "GET /video.html?id=2 HTTP/1.1" 200 -
::1 - - [03/May/2026 13:53:53] code 404, message File not found
::1 - - [03/May/2026 13:53:53] "GET /.well-known/appspecific/com.chrome.devtools.json HTTP/1.1" 404 -
::1 - - [03/May/2026 13:53:53] "GET /videos/2.mp4 HTTP/1.1" 304 -
::1 - - [03/May/2026 13:53:56] code 404, message File not found
::1 - - [03/May/2026 13:53:56] "GET /.well-known/appspecific/com.chrome.devtools.json HTTP/1.1" 404 -
::1 - - [03/May/2026 13:53:56] code 404, message File not found
::1 - - [03/May/2026 13:53:56] "GET /.well-known/appspecific/com.chrome.devtools.json HTTP/1.1" 404 -
::1 - - [03/May/2026 13:54:30] "GET /js/app.js HTTP/1.1" 304 -
::1 - - [03/May/2026 13:54:30] code 404, message File not found
::1 - - [03/May/2026 13:54:30] "GET /.well-known/appspecific/com.chrome.devtools.json HTTP/1.1" 404 -
::1 - - [03/May/2026 13:54:30] code 404, message File not found
::1 - - [03/May/2026 13:54:30] "GET /favicon.ico HTTP/1.1" 404 -
::1 - - [03/May/2026 13:55:46] "GET /video.html?id=2 HTTP/1.1" 304 -
::1 - - [03/May/2026 13:55:46] "GET /js/app.js HTTP/1.1" 304 -
::1 - - [03/May/2026 13:55:56] "GET /video.html?id=2 HTTP/1.1" 200 -
::1 - - [03/May/2026 13:55:56] "GET /css/style.css HTTP/1.1" 200 -
::1 - - [03/May/2026 13:55:56] "GET /assets/icon.png HTTP/1.1" 200 -
::1 - - [03/May/2026 13:55:56] "GET /js/app.js HTTP/1.1" 200 -
::1 - - [03/May/2026 13:55:56] "GET /videos/2.mp4 HTTP/1.1" 200 -
::1 - - [03/May/2026 13:55:56] "GET /assets/icon.png HTTP/1.1" 200 -
::1 - - [03/May/2026 13:55:57] "GET /video.html?id=2 HTTP/1.1" 200 -
----------------------------------------
Exception occurred during processing of request from ('::1', 53651, 0, 0)
Traceback (most recent call last):
  File "C:\Python314\Lib\socketserver.py", line 697, in process_request_thread
    self.finish_request(request, client_address)
    ~~~~~~~~~~~~~~~~~~~^^^^^^^^^^^^^^^^^^^^^^^^^
  File "C:\Python314\Lib\http\server.py", line 1422, in finish_request
    self.RequestHandlerClass(request, client_address, self,
    ~~~~~~~~~~~~~~~~~~~~~~~~^^^^^^^^^^^^^^^^^^^^^^^^^^^^^^^
                             directory=args.directory)
                             ^^^^^^^^^^^^^^^^^^^^^^^^^
  File "C:\Python314\Lib\http\server.py", line 732, in __init__
    super().__init__(*args, **kwargs)
    ~~~~~~~~~~~~~~~~^^^^^^^^^^^^^^^^^
  File "C:\Python314\Lib\socketserver.py", line 766, in __init__
    self.handle()
    ~~~~~~~~~~~^^
  File "C:\Python314\Lib\http\server.py", line 496, in handle
    self.handle_one_request()
    ~~~~~~~~~~~~~~~~~~~~~~~^^
  File "C:\Python314\Lib\http\server.py", line 484, in handle_one_request
    method()
    ~~~~~~^^
  File "C:\Python314\Lib\http\server.py", line 739, in do_GET
    self.copyfile(f, self.wfile)
    ~~~~~~~~~~~~~^^^^^^^^^^^^^^^
  File "C:\Python314\Lib\http\server.py", line 942, in copyfile
    shutil.copyfileobj(source, outputfile)
    ~~~~~~~~~~~~~~~~~~^^^^^^^^^^^^^^^^^^^^
  File "C:\Python314\Lib\shutil.py", line 257, in copyfileobj
    fdst_write(buf)
    ~~~~~~~~~~^^^^^
  File "C:\Python314\Lib\socketserver.py", line 845, in write
    self._sock.sendall(b)
    ~~~~~~~~~~~~~~~~~~^^^
ConnectionResetError: [WinError 10054] 远程主机强迫关闭了一个现有的连接。
----------------------------------------
::1 - - [03/May/2026 13:55:57] "GET /css/style.css HTTP/1.1" 200 -
::1 - - [03/May/2026 13:55:57] "GET /assets/icon.png HTTP/1.1" 200 -
::1 - - [03/May/2026 13:55:57] "GET /js/app.js HTTP/1.1" 200 -
::1 - - [03/May/2026 13:55:57] "GET /videos/2.mp4 HTTP/1.1" 200 -
::1 - - [03/May/2026 13:55:57] "GET /assets/icon.png HTTP/1.1" 200 -
::1 - - [03/May/2026 13:55:57] "GET /video.html?id=2 HTTP/1.1" 200 -
::1 - - [03/May/2026 13:55:57] "GET /css/style.css HTTP/1.1" 200 -
::1 - - [03/May/2026 13:55:57] "GET /assets/icon.png HTTP/1.1" 200 -
::1 - - [03/May/2026 13:55:57] "GET /js/app.js HTTP/1.1" 200 -
::1 - - [03/May/2026 13:55:57] "GET /videos/2.mp4 HTTP/1.1" 200 -
::1 - - [03/May/2026 13:55:57] "GET /assets/icon.png HTTP/1.1" 200 -
::1 - - [03/May/2026 13:55:57] "GET /video.html?id=2 HTTP/1.1" 200 -
----------------------------------------
Exception occurred during processing of request from ('::1', 61545, 0, 0)
Traceback (most recent call last):
  File "C:\Python314\Lib\socketserver.py", line 697, in process_request_thread
    self.finish_request(request, client_address)
    ~~~~~~~~~~~~~~~~~~~^^^^^^^^^^^^^^^^^^^^^^^^^
  File "C:\Python314\Lib\http\server.py", line 1422, in finish_request
    self.RequestHandlerClass(request, client_address, self,
    ~~~~~~~~~~~~~~~~~~~~~~~~^^^^^^^^^^^^^^^^^^^^^^^^^^^^^^^
                             directory=args.directory)
                             ^^^^^^^^^^^^^^^^^^^^^^^^^
  File "C:\Python314\Lib\http\server.py", line 732, in __init__
    super().__init__(*args, **kwargs)
    ~~~~~~~~~~~~~~~~^^^^^^^^^^^^^^^^^
  File "C:\Python314\Lib\socketserver.py", line 766, in __init__
    self.handle()
    ~~~~~~~~~~~^^
  File "C:\Python314\Lib\http\server.py", line 496, in handle
    self.handle_one_request()
    ~~~~~~~~~~~~~~~~~~~~~~~^^
  File "C:\Python314\Lib\http\server.py", line 484, in handle_one_request
    method()
    ~~~~~~^^
  File "C:\Python314\Lib\http\server.py", line 739, in do_GET
    self.copyfile(f, self.wfile)
    ~~~~~~~~~~~~~^^^^^^^^^^^^^^^
  File "C:\Python314\Lib\http\server.py", line 942, in copyfile
    shutil.copyfileobj(source, outputfile)
    ~~~~~~~~~~~~~~~~~~^^^^^^^^^^^^^^^^^^^^
  File "C:\Python314\Lib\shutil.py", line 257, in copyfileobj
    fdst_write(buf)
    ~~~~~~~~~~^^^^^
  File "C:\Python314\Lib\socketserver.py", line 845, in write
    self._sock.sendall(b)
    ~~~~~~~~~~~~~~~~~~^^^
ConnectionResetError: [WinError 10054] 远程主机强迫关闭了一个现有的连接。
----------------------------------------
::1 - - [03/May/2026 13:55:57] "GET /css/style.css HTTP/1.1" 200 -
::1 - - [03/May/2026 13:55:57] "GET /assets/icon.png HTTP/1.1" 200 -
::1 - - [03/May/2026 13:55:57] "GET /js/app.js HTTP/1.1" 200 -
::1 - - [03/May/2026 13:55:57] "GET /videos/2.mp4 HTTP/1.1" 200 -
::1 - - [03/May/2026 13:55:57] "GET /video.html?id=2 HTTP/1.1" 200 -
::1 - - [03/May/2026 13:55:57] "GET /css/style.css HTTP/1.1" 200 -
::1 - - [03/May/2026 13:55:57] "GET /assets/icon.png HTTP/1.1" 200 -
::1 - - [03/May/2026 13:55:57] "GET /js/app.js HTTP/1.1" 200 -
::1 - - [03/May/2026 13:55:57] "GET /videos/2.mp4 HTTP/1.1" 200 -
::1 - - [03/May/2026 13:55:57] "GET /assets/icon.png HTTP/1.1" 200 -
::1 - - [03/May/2026 13:55:57] "GET /video.html?id=2 HTTP/1.1" 200 -
----------------------------------------
Exception occurred during processing of request from ('::1', 57044, 0, 0)
Traceback (most recent call last):
  File "C:\Python314\Lib\socketserver.py", line 697, in process_request_thread
    self.finish_request(request, client_address)
    ~~~~~~~~~~~~~~~~~~~^^^^^^^^^^^^^^^^^^^^^^^^^
  File "C:\Python314\Lib\http\server.py", line 1422, in finish_request
    self.RequestHandlerClass(request, client_address, self,
    ~~~~~~~~~~~~~~~~~~~~~~~~^^^^^^^^^^^^^^^^^^^^^^^^^^^^^^^
                             directory=args.directory)
                             ^^^^^^^^^^^^^^^^^^^^^^^^^
  File "C:\Python314\Lib\http\server.py", line 732, in __init__
    super().__init__(*args, **kwargs)
    ~~~~~~~~~~~~~~~~^^^^^^^^^^^^^^^^^
  File "C:\Python314\Lib\socketserver.py", line 766, in __init__
    self.handle()
    ~~~~~~~~~~~^^
  File "C:\Python314\Lib\http\server.py", line 496, in handle
    self.handle_one_request()
    ~~~~~~~~~~~~~~~~~~~~~~~^^
  File "C:\Python314\Lib\http\server.py", line 484, in handle_one_request
    method()
    ~~~~~~^^
  File "C:\Python314\Lib\http\server.py", line 739, in do_GET
    self.copyfile(f, self.wfile)
    ~~~~~~~~~~~~~^^^^^^^^^^^^^^^
  File "C:\Python314\Lib\http\server.py", line 942, in copyfile
    shutil.copyfileobj(source, outputfile)
    ~~~~~~~~~~~~~~~~~~^^^^^^^^^^^^^^^^^^^^
  File "C:\Python314\Lib\shutil.py", line 257, in copyfileobj
    fdst_write(buf)
    ~~~~~~~~~~^^^^^
  File "C:\Python314\Lib\socketserver.py", line 845, in write
    self._sock.sendall(b)
    ~~~~~~~~~~~~~~~~~~^^^
ConnectionResetError: [WinError 10054] 远程主机强迫关闭了一个现有的连接。
----------------------------------------
::1 - - [03/May/2026 13:55:57] "GET /css/style.css HTTP/1.1" 200 -
::1 - - [03/May/2026 13:55:57] "GET /assets/icon.png HTTP/1.1" 200 -
::1 - - [03/May/2026 13:55:57] "GET /js/app.js HTTP/1.1" 200 -
::1 - - [03/May/2026 13:55:58] "GET /videos/2.mp4 HTTP/1.1" 200 -
::1 - - [03/May/2026 13:55:58] "GET /video.html?id=2 HTTP/1.1" 200 -
----------------------------------------
Exception occurred during processing of request from ('::1', 64848, 0, 0)
Traceback (most recent call last):
  File "C:\Python314\Lib\socketserver.py", line 697, in process_request_thread
    self.finish_request(request, client_address)
    ~~~~~~~~~~~~~~~~~~~^^^^^^^^^^^^^^^^^^^^^^^^^
  File "C:\Python314\Lib\http\server.py", line 1422, in finish_request
    self.RequestHandlerClass(request, client_address, self,
    ~~~~~~~~~~~~~~~~~~~~~~~~^^^^^^^^^^^^^^^^^^^^^^^^^^^^^^^
                             directory=args.directory)
                             ^^^^^^^^^^^^^^^^^^^^^^^^^
  File "C:\Python314\Lib\http\server.py", line 732, in __init__
    super().__init__(*args, **kwargs)
    ~~~~~~~~~~~~~~~~^^^^^^^^^^^^^^^^^
  File "C:\Python314\Lib\socketserver.py", line 766, in __init__
    self.handle()
    ~~~~~~~~~~~^^
  File "C:\Python314\Lib\http\server.py", line 496, in handle
    self.handle_one_request()
    ~~~~~~~~~~~~~~~~~~~~~~~^^
  File "C:\Python314\Lib\http\server.py", line 484, in handle_one_request
    method()
    ~~~~~~^^
  File "C:\Python314\Lib\http\server.py", line 739, in do_GET
    self.copyfile(f, self.wfile)
    ~~~~~~~~~~~~~^^^^^^^^^^^^^^^
  File "C:\Python314\Lib\http\server.py", line 942, in copyfile
    shutil.copyfileobj(source, outputfile)
    ~~~~~~~~~~~~~~~~~~^^^^^^^^^^^^^^^^^^^^
  File "C:\Python314\Lib\shutil.py", line 257, in copyfileobj
    fdst_write(buf)
    ~~~~~~~~~~^^^^^
  File "C:\Python314\Lib\socketserver.py", line 845, in write
    self._sock.sendall(b)
    ~~~~~~~~~~~~~~~~~~^^^
ConnectionResetError: [WinError 10054] 远程主机强迫关闭了一个现有的连接。
----------------------------------------
::1 - - [03/May/2026 13:55:58] "GET /css/style.css HTTP/1.1" 200 -
::1 - - [03/May/2026 13:55:58] "GET /js/app.js HTTP/1.1" 200 -
::1 - - [03/May/2026 13:55:58] "GET /assets/icon.png HTTP/1.1" 200 -
::1 - - [03/May/2026 13:55:58] "GET /videos/2.mp4 HTTP/1.1" 200 -
::1 - - [03/May/2026 13:55:58] "GET /video.html?id=2 HTTP/1.1" 200 -
::1 - - [03/May/2026 13:55:58] "GET /css/style.css HTTP/1.1" 200 -
::1 - - [03/May/2026 13:55:58] "GET /assets/icon.png HTTP/1.1" 200 -
::1 - - [03/May/2026 13:55:58] "GET /js/app.js HTTP/1.1" 200 -
::1 - - [03/May/2026 13:55:58] "GET /videos/2.mp4 HTTP/1.1" 200 -
::1 - - [03/May/2026 13:55:58] "GET /assets/icon.png HTTP/1.1" 200 -
::1 - - [03/May/2026 13:55:58] "GET /video.html?id=2 HTTP/1.1" 200 -
----------------------------------------
Exception occurred during processing of request from ('::1', 56779, 0, 0)
Traceback (most recent call last):
  File "C:\Python314\Lib\socketserver.py", line 697, in process_request_thread
    self.finish_request(request, client_address)
    ~~~~~~~~~~~~~~~~~~~^^^^^^^^^^^^^^^^^^^^^^^^^
  File "C:\Python314\Lib\http\server.py", line 1422, in finish_request
    self.RequestHandlerClass(request, client_address, self,
    ~~~~~~~~~~~~~~~~~~~~~~~~^^^^^^^^^^^^^^^^^^^^^^^^^^^^^^^
                             directory=args.directory)
                             ^^^^^^^^^^^^^^^^^^^^^^^^^
  File "C:\Python314\Lib\http\server.py", line 732, in __init__
    super().__init__(*args, **kwargs)
    ~~~~~~~~~~~~~~~~^^^^^^^^^^^^^^^^^
  File "C:\Python314\Lib\socketserver.py", line 766, in __init__
    self.handle()
    ~~~~~~~~~~~^^
  File "C:\Python314\Lib\http\server.py", line 496, in handle
    self.handle_one_request()
    ~~~~~~~~~~~~~~~~~~~~~~~^^
  File "C:\Python314\Lib\http\server.py", line 484, in handle_one_request
    method()
    ~~~~~~^^
  File "C:\Python314\Lib\http\server.py", line 739, in do_GET
    self.copyfile(f, self.wfile)
    ~~~~~~~~~~~~~^^^^^^^^^^^^^^^
  File "C:\Python314\Lib\http\server.py", line 942, in copyfile
    shutil.copyfileobj(source, outputfile)
    ~~~~~~~~~~~~~~~~~~^^^^^^^^^^^^^^^^^^^^
  File "C:\Python314\Lib\shutil.py", line 257, in copyfileobj
    fdst_write(buf)
    ~~~~~~~~~~^^^^^
  File "C:\Python314\Lib\socketserver.py", line 845, in write
    self._sock.sendall(b)
    ~~~~~~~~~~~~~~~~~~^^^
ConnectionResetError: [WinError 10054] 远程主机强迫关闭了一个现有的连接。
----------------------------------------
::1 - - [03/May/2026 13:55:58] "GET /css/style.css HTTP/1.1" 200 -
::1 - - [03/May/2026 13:55:58] "GET /assets/icon.png HTTP/1.1" 200 -
::1 - - [03/May/2026 13:55:58] "GET /js/app.js HTTP/1.1" 200 -
::1 - - [03/May/2026 13:55:58] "GET /videos/2.mp4 HTTP/1.1" 200 -
::1 - - [03/May/2026 13:55:58] "GET /assets/icon.png HTTP/1.1" 200 -
::1 - - [03/May/2026 13:55:58] "GET /video.html?id=2 HTTP/1.1" 200 -
::1 - - [03/May/2026 13:55:58] "GET /css/style.css HTTP/1.1" 200 -
::1 - - [03/May/2026 13:55:58] "GET /assets/icon.png HTTP/1.1" 200 -
::1 - - [03/May/2026 13:55:58] "GET /js/app.js HTTP/1.1" 200 -
::1 - - [03/May/2026 13:55:58] "GET /videos/2.mp4 HTTP/1.1" 200 -
::1 - - [03/May/2026 13:55:58] "GET /assets/icon.png HTTP/1.1" 200 -
::1 - - [03/May/2026 13:55:58] "GET /video.html?id=2 HTTP/1.1" 200 -
----------------------------------------
Exception occurred during processing of request from ('::1', 51995, 0, 0)
Traceback (most recent call last):
  File "C:\Python314\Lib\socketserver.py", line 697, in process_request_thread
    self.finish_request(request, client_address)
    ~~~~~~~~~~~~~~~~~~~^^^^^^^^^^^^^^^^^^^^^^^^^
  File "C:\Python314\Lib\http\server.py", line 1422, in finish_request
    self.RequestHandlerClass(request, client_address, self,
    ~~~~~~~~~~~~~~~~~~~~~~~~^^^^^^^^^^^^^^^^^^^^^^^^^^^^^^^
                             directory=args.directory)
                             ^^^^^^^^^^^^^^^^^^^^^^^^^
  File "C:\Python314\Lib\http\server.py", line 732, in __init__
    super().__init__(*args, **kwargs)
    ~~~~~~~~~~~~~~~~^^^^^^^^^^^^^^^^^
  File "C:\Python314\Lib\socketserver.py", line 766, in __init__
    self.handle()
    ~~~~~~~~~~~^^
  File "C:\Python314\Lib\http\server.py", line 496, in handle
    self.handle_one_request()
    ~~~~~~~~~~~~~~~~~~~~~~~^^
  File "C:\Python314\Lib\http\server.py", line 484, in handle_one_request
    method()
    ~~~~~~^^
  File "C:\Python314\Lib\http\server.py", line 739, in do_GET
    self.copyfile(f, self.wfile)
    ~~~~~~~~~~~~~^^^^^^^^^^^^^^^
  File "C:\Python314\Lib\http\server.py", line 942, in copyfile
    shutil.copyfileobj(source, outputfile)
    ~~~~~~~~~~~~~~~~~~^^^^^^^^^^^^^^^^^^^^
  File "C:\Python314\Lib\shutil.py", line 257, in copyfileobj
    fdst_write(buf)
    ~~~~~~~~~~^^^^^
  File "C:\Python314\Lib\socketserver.py", line 845, in write
    self._sock.sendall(b)
    ~~~~~~~~~~~~~~~~~~^^^
ConnectionResetError: [WinError 10054] 远程主机强迫关闭了一个现有的连接。
----------------------------------------
::1 - - [03/May/2026 13:55:58] "GET /css/style.css HTTP/1.1" 200 -
::1 - - [03/May/2026 13:55:58] "GET /assets/icon.png HTTP/1.1" 200 -
::1 - - [03/May/2026 13:55:58] "GET /js/app.js HTTP/1.1" 200 -
::1 - - [03/May/2026 13:55:58] "GET /videos/2.mp4 HTTP/1.1" 200 -
::1 - - [03/May/2026 13:55:58] "GET /assets/icon.png HTTP/1.1" 200 -
::1 - - [03/May/2026 13:56:22] code 404, message File not found
::1 - - [03/May/2026 13:56:22] "GET /favicon.ico HTTP/1.1" 404 -
::1 - - [03/May/2026 14:02:54] "GET /index.html HTTP/1.1" 200 -
::1 - - [03/May/2026 14:02:54] "GET /css/style.css HTTP/1.1" 304 -
::1 - - [03/May/2026 14:02:54] "GET /js/app.js?v=2 HTTP/1.1" 200 -
::1 - - [03/May/2026 14:02:59] "GET /index.html HTTP/1.1" 200 -
::1 - - [03/May/2026 14:02:59] "GET /css/style.css HTTP/1.1" 200 -
::1 - - [03/May/2026 14:02:59] "GET /js/app.js?v=2 HTTP/1.1" 200 -
::1 - - [03/May/2026 14:02:59] "GET /assets/icon.png HTTP/1.1" 200 -
::1 - - [03/May/2026 14:02:59] "GET /manifest.json HTTP/1.1" 200 -
::1 - - [03/May/2026 14:02:59] "GET /assets/icon.png HTTP/1.1" 200 -
::1 - - [03/May/2026 14:03:00] "GET /index.html HTTP/1.1" 200 -
::1 - - [03/May/2026 14:03:00] "GET /css/style.css HTTP/1.1" 200 -
::1 - - [03/May/2026 14:03:00] "GET /assets/icon.png HTTP/1.1" 200 -
::1 - - [03/May/2026 14:03:00] "GET /js/app.js?v=2 HTTP/1.1" 200 -
::1 - - [03/May/2026 14:03:00] "GET /manifest.json HTTP/1.1" 200 -
::1 - - [03/May/2026 14:03:00] "GET /assets/icon.png HTTP/1.1" 200 -
::1 - - [03/May/2026 14:03:03] "GET /video.html?id=2 HTTP/1.1" 200 -
::1 - - [03/May/2026 14:03:03] "GET /videos/2.mp4 HTTP/1.1" 304 -
::1 - - [03/May/2026 14:03:15] "GET /video.html?id=2 HTTP/1.1" 304 -
::1 - - [03/May/2026 14:03:17] "GET /index.html HTTP/1.1" 304 -
::1 - - [03/May/2026 14:03:20] "GET /video.html?id=1 HTTP/1.1" 200 -
::1 - - [03/May/2026 14:03:24] "GET /video.html?id=3 HTTP/1.1" 200 -
::1 - - [03/May/2026 14:03:24] "GET /videos/3.mp4 HTTP/1.1" 304 -
::1 - - [03/May/2026 14:03:31] "GET /video.html?id=4 HTTP/1.1" 200 -
::1 - - [03/May/2026 14:03:31] "GET /videos/4.mp4 HTTP/1.1" 304 -
::1 - - [03/May/2026 14:03:36] "GET /video.html?id=5 HTTP/1.1" 200 -
::1 - - [03/May/2026 14:03:36] "GET /videos/5.mp4 HTTP/1.1" 304 -
::1 - - [03/May/2026 14:03:44] "GET /index.html HTTP/1.1" 304 -
::1 - - [03/May/2026 14:03:49] "GET /video.html?id=2 HTTP/1.1" 304 -
::1 - - [03/May/2026 14:03:56] "GET /video.html?id=1 HTTP/1.1" 304 -
::1 - - [03/May/2026 14:04:06] "GET /index.html HTTP/1.1" 304 -
::1 - - [03/May/2026 14:09:25] "GET /index.html HTTP/1.1" 200 -
::1 - - [03/May/2026 14:09:25] "GET /css/style.css HTTP/1.1" 200 -
::1 - - [03/May/2026 14:09:25] "GET /assets/icon.png HTTP/1.1" 200 -
::1 - - [03/May/2026 14:09:25] "GET /js/app.js?v=2 HTTP/1.1" 200 -
::1 - - [03/May/2026 14:09:25] "GET /manifest.json HTTP/1.1" 200 -
::1 - - [03/May/2026 14:09:25] "GET /assets/icon.png HTTP/1.1" 200 -
::1 - - [03/May/2026 14:13:40] "GET /index.html HTTP/1.1" 200 -
::1 - - [03/May/2026 14:13:40] "GET /css/style.css HTTP/1.1" 200 -
::1 - - [03/May/2026 14:13:40] "GET /js/app.js?v=2 HTTP/1.1" 200 -
::1 - - [03/May/2026 14:13:40] "GET /assets/icon.png HTTP/1.1" 200 -
::1 - - [03/May/2026 14:13:40] "GET /manifest.json HTTP/1.1" 200 -
::1 - - [03/May/2026 14:13:40] "GET /assets/icon.png HTTP/1.1" 200 -
::1 - - [03/May/2026 14:15:06] "GET /index.html HTTP/1.1" 200 -
::1 - - [03/May/2026 14:15:06] "GET /css/style.css HTTP/1.1" 200 -
::1 - - [03/May/2026 14:15:06] "GET /assets/icon.png HTTP/1.1" 200 -
::1 - - [03/May/2026 14:15:06] "GET /js/app.js?v=2 HTTP/1.1" 200 -
::1 - - [03/May/2026 14:15:07] "GET /manifest.json HTTP/1.1" 200 -
::1 - - [03/May/2026 14:15:07] "GET /assets/icon.png HTTP/1.1" 200 -
::1 - - [03/May/2026 14:15:11] "GET /video.html?id=2 HTTP/1.1" 200 -
::1 - - [03/May/2026 14:15:11] "GET /js/app.js?v=2 HTTP/1.1" 304 -
::1 - - [03/May/2026 14:15:11] "GET /videos/2.mp4 HTTP/1.1" 304 -
::1 - - [03/May/2026 14:15:41] "GET /index.html HTTP/1.1" 304 -
::1 - - [03/May/2026 14:15:41] "GET /js/app.js?v=2 HTTP/1.1" 304 -
::1 - - [03/May/2026 14:15:52] "GET /video.html?id=1 HTTP/1.1" 200 -
::1 - - [03/May/2026 14:15:52] "GET /css/style.css HTTP/1.1" 304 -
::1 - - [03/May/2026 14:15:52] "GET /js/app.js?v=2 HTTP/1.1" 304 -
::1 - - [03/May/2026 14:19:55] "GET /index.html HTTP/1.1" 200 -
::1 - - [03/May/2026 14:19:56] "GET /css/style.css HTTP/1.1" 200 -
::1 - - [03/May/2026 14:19:56] "GET /js/app.js?v=2 HTTP/1.1" 200 -
::1 - - [03/May/2026 14:19:56] "GET /assets/icon.png HTTP/1.1" 200 -
::1 - - [03/May/2026 14:19:56] "GET /manifest.json HTTP/1.1" 200 -
::1 - - [03/May/2026 14:19:56] "GET /assets/icon.png HTTP/1.1" 200 -
::1 - - [03/May/2026 14:20:00] "GET /index.html HTTP/1.1" 200 -
::1 - - [03/May/2026 14:20:00] "GET /css/style.css HTTP/1.1" 200 -
::1 - - [03/May/2026 14:20:00] "GET /assets/icon.png HTTP/1.1" 200 -
::1 - - [03/May/2026 14:20:00] "GET /js/app.js?v=2 HTTP/1.1" 200 -
::1 - - [03/May/2026 14:20:00] "GET /manifest.json HTTP/1.1" 200 -
::1 - - [03/May/2026 14:20:00] "GET /assets/icon.png HTTP/1.1" 200 -
::1 - - [03/May/2026 14:20:02] "GET /index.html HTTP/1.1" 200 -
::1 - - [03/May/2026 14:20:02] "GET /css/style.css HTTP/1.1" 200 -
::1 - - [03/May/2026 14:20:02] "GET /assets/icon.png HTTP/1.1" 200 -
::1 - - [03/May/2026 14:20:02] "GET /js/app.js?v=2 HTTP/1.1" 200 -
::1 - - [03/May/2026 14:20:02] "GET /manifest.json HTTP/1.1" 200 -
::1 - - [03/May/2026 14:20:02] "GET /assets/icon.png HTTP/1.1" 200 -
::1 - - [03/May/2026 14:20:02] "GET /index.html HTTP/1.1" 200 -
::1 - - [03/May/2026 14:20:02] "GET /css/style.css HTTP/1.1" 200 -
::1 - - [03/May/2026 14:20:02] "GET /assets/icon.png HTTP/1.1" 200 -
::1 - - [03/May/2026 14:20:02] "GET /js/app.js?v=2 HTTP/1.1" 200 -
::1 - - [03/May/2026 14:20:02] "GET /manifest.json HTTP/1.1" 200 -
::1 - - [03/May/2026 14:20:02] "GET /assets/icon.png HTTP/1.1" 200 -
::1 - - [03/May/2026 14:20:02] "GET /index.html HTTP/1.1" 200 -
::1 - - [03/May/2026 14:20:02] "GET /css/style.css HTTP/1.1" 200 -
::1 - - [03/May/2026 14:20:02] "GET /assets/icon.png HTTP/1.1" 200 -
::1 - - [03/May/2026 14:20:02] "GET /manifest.json HTTP/1.1" 200 -
::1 - - [03/May/2026 14:20:02] "GET /js/app.js?v=2 HTTP/1.1" 200 -
::1 - - [03/May/2026 14:20:02] "GET /assets/icon.png HTTP/1.1" 200 -
::1 - - [03/May/2026 14:20:02] "GET /index.html HTTP/1.1" 200 -
::1 - - [03/May/2026 14:20:02] "GET /css/style.css HTTP/1.1" 200 -
::1 - - [03/May/2026 14:20:02] "GET /assets/icon.png HTTP/1.1" 200 -
::1 - - [03/May/2026 14:20:02] "GET /js/app.js?v=2 HTTP/1.1" 200 -
::1 - - [03/May/2026 14:20:02] "GET /manifest.json HTTP/1.1" 200 -
::1 - - [03/May/2026 14:20:02] "GET /assets/icon.png HTTP/1.1" 200 -
::1 - - [03/May/2026 14:20:22] "GET /css/style.css HTTP/1.1" 304 -
::1 - - [03/May/2026 14:20:22] code 404, message File not found
::1 - - [03/May/2026 14:20:22] "GET /.well-known/appspecific/com.chrome.devtools.json HTTP/1.1" 404 -
::1 - - [03/May/2026 14:20:47] "GET /index.html HTTP/1.1" 304 -
::1 - - [03/May/2026 14:20:47] "GET /css/style.css HTTP/1.1" 304 -
::1 - - [03/May/2026 14:20:47] "GET /js/app.js?v=2 HTTP/1.1" 304 -
::1 - - [03/May/2026 14:20:50] "GET /index.html HTTP/1.1" 200 -
::1 - - [03/May/2026 14:20:50] "GET /css/style.css HTTP/1.1" 200 -
::1 - - [03/May/2026 14:20:50] "GET /assets/icon.png HTTP/1.1" 200 -
::1 - - [03/May/2026 14:20:50] "GET /js/app.js?v=2 HTTP/1.1" 200 -
::1 - - [03/May/2026 14:20:50] "GET /manifest.json HTTP/1.1" 200 -
::1 - - [03/May/2026 14:20:50] "GET /assets/icon.png HTTP/1.1" 200 -
::1 - - [03/May/2026 14:20:50] "GET /index.html HTTP/1.1" 200 -
::1 - - [03/May/2026 14:20:50] "GET /css/style.css HTTP/1.1" 200 -
::1 - - [03/May/2026 14:20:50] "GET /assets/icon.png HTTP/1.1" 200 -
::1 - - [03/May/2026 14:20:50] "GET /js/app.js?v=2 HTTP/1.1" 200 -
::1 - - [03/May/2026 14:20:50] "GET /manifest.json HTTP/1.1" 200 -
::1 - - [03/May/2026 14:20:50] "GET /assets/icon.png HTTP/1.1" 200 -
::1 - - [03/May/2026 14:20:50] "GET /index.html HTTP/1.1" 200 -
::1 - - [03/May/2026 14:20:50] "GET /css/style.css HTTP/1.1" 200 -
::1 - - [03/May/2026 14:20:50] "GET /assets/icon.png HTTP/1.1" 200 -
::1 - - [03/May/2026 14:20:50] "GET /js/app.js?v=2 HTTP/1.1" 200 -
::1 - - [03/May/2026 14:20:50] "GET /manifest.json HTTP/1.1" 200 -
::1 - - [03/May/2026 14:20:50] "GET /assets/icon.png HTTP/1.1" 200 -
::1 - - [03/May/2026 14:20:50] "GET /index.html HTTP/1.1" 200 -
::1 - - [03/May/2026 14:20:50] "GET /css/style.css HTTP/1.1" 200 -
::1 - - [03/May/2026 14:20:50] "GET /assets/icon.png HTTP/1.1" 200 -
::1 - - [03/May/2026 14:20:50] "GET /manifest.json HTTP/1.1" 200 -
::1 - - [03/May/2026 14:20:50] "GET /js/app.js?v=2 HTTP/1.1" 200 -
::1 - - [03/May/2026 14:20:50] "GET /assets/icon.png HTTP/1.1" 200 -
::1 - - [03/May/2026 14:21:25] "GET /video.html?id=4 HTTP/1.1" 200 -
::1 - - [03/May/2026 14:21:25] "GET /css/style.css HTTP/1.1" 304 -
::1 - - [03/May/2026 14:21:25] "GET /videos/4.mp4 HTTP/1.1" 304 -
::1 - - [03/May/2026 14:21:28] "GET /video.html?id=5 HTTP/1.1" 200 -
::1 - - [03/May/2026 14:21:28] "GET /videos/5.mp4 HTTP/1.1" 304 -
::1 - - [03/May/2026 14:21:31] "GET /js/app.js?v=2 HTTP/1.1" 304 -
::1 - - [03/May/2026 14:26:11] "GET /index.html HTTP/1.1" 200 -
::1 - - [03/May/2026 14:26:11] "GET /css/style.css HTTP/1.1" 200 -
::1 - - [03/May/2026 14:26:11] "GET /assets/icon.png HTTP/1.1" 200 -
::1 - - [03/May/2026 14:26:11] "GET /js/app.js?v=2 HTTP/1.1" 200 -
::1 - - [03/May/2026 14:26:11] "GET /manifest.json HTTP/1.1" 200 -
::1 - - [03/May/2026 14:26:11] "GET /assets/icon.png HTTP/1.1" 200 -
::1 - - [03/May/2026 14:26:13] "GET /index.html HTTP/1.1" 200 -
::1 - - [03/May/2026 14:26:13] "GET /css/style.css HTTP/1.1" 200 -
::1 - - [03/May/2026 14:26:13] "GET /assets/icon.png HTTP/1.1" 200 -
::1 - - [03/May/2026 14:26:13] "GET /js/app.js?v=2 HTTP/1.1" 200 -
::1 - - [03/May/2026 14:26:13] "GET /manifest.json HTTP/1.1" 200 -
::1 - - [03/May/2026 14:26:13] "GET /assets/icon.png HTTP/1.1" 200 -
::1 - - [03/May/2026 14:26:18] "GET /index.html HTTP/1.1" 200 -
::1 - - [03/May/2026 14:26:18] "GET /css/style.css HTTP/1.1" 200 -
::1 - - [03/May/2026 14:26:18] "GET /assets/icon.png HTTP/1.1" 200 -
::1 - - [03/May/2026 14:26:18] "GET /manifest.json HTTP/1.1" 200 -
::1 - - [03/May/2026 14:26:18] "GET /js/app.js?v=2 HTTP/1.1" 200 -
::1 - - [03/May/2026 14:26:18] "GET /assets/icon.png HTTP/1.1" 200 -
::1 - - [03/May/2026 14:26:18] "GET /index.html HTTP/1.1" 200 -
::1 - - [03/May/2026 14:26:18] "GET /css/style.css HTTP/1.1" 200 -
::1 - - [03/May/2026 14:26:18] "GET /js/app.js?v=2 HTTP/1.1" 200 -
::1 - - [03/May/2026 14:26:18] "GET /assets/icon.png HTTP/1.1" 200 -
::1 - - [03/May/2026 14:26:18] "GET /manifest.json HTTP/1.1" 200 -
::1 - - [03/May/2026 14:26:18] "GET /assets/icon.png HTTP/1.1" 200 -
::1 - - [03/May/2026 14:26:18] "GET /index.html HTTP/1.1" 200 -
::1 - - [03/May/2026 14:26:18] "GET /css/style.css HTTP/1.1" 200 -
::1 - - [03/May/2026 14:26:18] "GET /assets/icon.png HTTP/1.1" 200 -
::1 - - [03/May/2026 14:26:18] "GET /js/app.js?v=2 HTTP/1.1" 200 -
::1 - - [03/May/2026 14:26:18] "GET /manifest.json HTTP/1.1" 200 -
::1 - - [03/May/2026 14:26:18] "GET /assets/icon.png HTTP/1.1" 200 -
::1 - - [03/May/2026 14:26:19] "GET /index.html HTTP/1.1" 200 -
::1 - - [03/May/2026 14:26:19] "GET /css/style.css HTTP/1.1" 200 -
::1 - - [03/May/2026 14:26:19] "GET /assets/icon.png HTTP/1.1" 200 -
::1 - - [03/May/2026 14:26:19] "GET /js/app.js?v=2 HTTP/1.1" 200 -
::1 - - [03/May/2026 14:26:19] "GET /manifest.json HTTP/1.1" 200 -
::1 - - [03/May/2026 14:26:19] "GET /assets/icon.png HTTP/1.1" 200 -
::1 - - [03/May/2026 14:26:19] "GET /index.html HTTP/1.1" 200 -
::1 - - [03/May/2026 14:26:19] "GET /css/style.css HTTP/1.1" 200 -
::1 - - [03/May/2026 14:26:19] "GET /assets/icon.png HTTP/1.1" 200 -
::1 - - [03/May/2026 14:26:19] "GET /manifest.json HTTP/1.1" 200 -
::1 - - [03/May/2026 14:26:19] "GET /js/app.js?v=2 HTTP/1.1" 200 -
::1 - - [03/May/2026 14:26:19] "GET /assets/icon.png HTTP/1.1" 200 -
::1 - - [03/May/2026 14:26:19] "GET /index.html HTTP/1.1" 200 -
::1 - - [03/May/2026 14:26:19] "GET /css/style.css HTTP/1.1" 200 -
::1 - - [03/May/2026 14:26:19] "GET /assets/icon.png HTTP/1.1" 200 -
::1 - - [03/May/2026 14:26:19] "GET /manifest.json HTTP/1.1" 200 -
::1 - - [03/May/2026 14:26:19] "GET /js/app.js?v=2 HTTP/1.1" 200 -
::1 - - [03/May/2026 14:26:19] "GET /assets/icon.png HTTP/1.1" 200 -
::1 - - [03/May/2026 14:26:19] "GET /index.html HTTP/1.1" 200 -
::1 - - [03/May/2026 14:26:19] "GET /css/style.css HTTP/1.1" 200 -
::1 - - [03/May/2026 14:26:19] "GET /assets/icon.png HTTP/1.1" 200 -
::1 - - [03/May/2026 14:26:19] "GET /js/app.js?v=2 HTTP/1.1" 200 -
::1 - - [03/May/2026 14:26:19] "GET /manifest.json HTTP/1.1" 200 -
::1 - - [03/May/2026 14:26:19] "GET /assets/icon.png HTTP/1.1" 200 -
::1 - - [03/May/2026 14:26:40] "GET /index.html HTTP/1.1" 200 -
::1 - - [03/May/2026 14:26:40] "GET /css/style.css HTTP/1.1" 200 -
::1 - - [03/May/2026 14:26:40] "GET /assets/icon.png HTTP/1.1" 200 -
::1 - - [03/May/2026 14:26:40] "GET /js/app.js?v=2 HTTP/1.1" 200 -
::1 - - [03/May/2026 14:26:40] "GET /manifest.json HTTP/1.1" 200 -
::1 - - [03/May/2026 14:26:40] "GET /assets/icon.png HTTP/1.1" 200 -
::1 - - [03/May/2026 14:26:40] "GET /index.html HTTP/1.1" 200 -
::1 - - [03/May/2026 14:26:40] "GET /css/style.css HTTP/1.1" 200 -
::1 - - [03/May/2026 14:26:40] "GET /assets/icon.png HTTP/1.1" 200 -
::1 - - [03/May/2026 14:26:40] "GET /manifest.json HTTP/1.1" 200 -
::1 - - [03/May/2026 14:26:40] "GET /js/app.js?v=2 HTTP/1.1" 200 -
::1 - - [03/May/2026 14:26:40] "GET /assets/icon.png HTTP/1.1" 200 -
::1 - - [03/May/2026 14:26:40] "GET /index.html HTTP/1.1" 200 -
::1 - - [03/May/2026 14:26:40] "GET /css/style.css HTTP/1.1" 200 -
::1 - - [03/May/2026 14:26:40] "GET /assets/icon.png HTTP/1.1" 200 -
::1 - - [03/May/2026 14:26:40] "GET /js/app.js?v=2 HTTP/1.1" 200 -
::1 - - [03/May/2026 14:26:40] "GET /manifest.json HTTP/1.1" 200 -
::1 - - [03/May/2026 14:26:40] "GET /assets/icon.png HTTP/1.1" 200 -
::1 - - [03/May/2026 14:26:40] "GET /index.html HTTP/1.1" 200 -
::1 - - [03/May/2026 14:26:40] "GET /css/style.css HTTP/1.1" 200 -
::1 - - [03/May/2026 14:26:40] "GET /assets/icon.png HTTP/1.1" 200 -
::1 - - [03/May/2026 14:26:40] "GET /js/app.js?v=2 HTTP/1.1" 200 -
::1 - - [03/May/2026 14:26:40] "GET /manifest.json HTTP/1.1" 200 -
::1 - - [03/May/2026 14:26:40] "GET /assets/icon.png HTTP/1.1" 200 -
::1 - - [03/May/2026 14:26:48] "GET /index.html HTTP/1.1" 304 -
::1 - - [03/May/2026 14:27:15] "GET /video.html?id=1 HTTP/1.1" 200 -
::1 - - [03/May/2026 14:27:15] "GET /css/style.css HTTP/1.1" 304 -
::1 - - [03/May/2026 14:27:15] "GET /js/app.js?v=3 HTTP/1.1" 200 -
::1 - - [03/May/2026 14:27:22] "GET /js/app.js?v=2 HTTP/1.1" 304 -
